[debug] [2021-12-20T05:20:53.454Z] ----------------------------------------------------------------------
[debug] [2021-12-20T05:20:53.457Z] Command:       C:\Program Files\nodejs\node.exe C:\Users\16513\AppData\Roaming\npm\node_modules\firebase-tools\lib\bin\firebase.js emulators:start
[debug] [2021-12-20T05:20:53.458Z] CLI Version:   9.23.1
[debug] [2021-12-20T05:20:53.458Z] Platform:      win32
[debug] [2021-12-20T05:20:53.458Z] Node Version:  v14.17.0
[debug] [2021-12-20T05:20:53.458Z] Time:          Sun Dec 19 2021 23:20:53 GMT-0600 (Central Standard Time)
[debug] [2021-12-20T05:20:53.459Z] ----------------------------------------------------------------------
[debug] 
[debug] [2021-12-20T05:20:53.507Z] > command requires scopes: ["email","openid","https://www.googleapis.com/auth/cloudplatformprojects.readonly","https://www.googleapis.com/auth/firebase","https://www.googleapis.com/auth/cloud-platform"]
[debug] [2021-12-20T05:20:53.507Z] > authorizing via signed-in user (tam980105@gmail.com)
[info] i  emulators: Starting emulators: functions {"metadata":{"emulator":{"name":"hub"},"message":"Starting emulators: functions"}}
[debug] [2021-12-20T05:20:53.535Z] [hub] writing locator at C:\Users\16513\AppData\Local\Temp\hub-bwproject-9e131.json
[warn] !  functions: The following emulators are not running, calls to these services from the Functions emulator will affect production: auth, firestore, database, hosting, pubsub, storage {"metadata":{"emulator":{"name":"functions"},"message":"The following emulators are not running, calls to these services from the Functions emulator will affect production: \u001b[1mauth, firestore, database, hosting, pubsub, storage\u001b[22m"}}
[info] +  functions: Using node@14 from host. {"metadata":{"emulator":{"name":"functions"},"message":"Using node@14 from host."}}
[debug] [2021-12-20T05:20:53.605Z] defaultcredentials: writing to file C:\Users\16513\AppData\Roaming\firebase\tam980105_gmail_com_application_default_credentials.json
[debug] [2021-12-20T05:20:53.608Z] Setting GAC to C:\Users\16513\AppData\Roaming\firebase\tam980105_gmail_com_application_default_credentials.json {"metadata":{"emulator":{"name":"functions"},"message":"Setting GAC to C:\\Users\\16513\\AppData\\Roaming\\firebase\\tam980105_gmail_com_application_default_credentials.json"}}
[debug] [2021-12-20T05:20:53.610Z] >>> [apiv2][query] GET https://firebase.googleapis.com/v1beta1/projects/bwproject-9e131/adminSdkConfig [none]
[debug] [2021-12-20T05:20:53.901Z] <<< [apiv2][status] GET https://firebase.googleapis.com/v1beta1/projects/bwproject-9e131/adminSdkConfig 200
[debug] [2021-12-20T05:20:53.902Z] <<< [apiv2][body] GET https://firebase.googleapis.com/v1beta1/projects/bwproject-9e131/adminSdkConfig {"projectId":"bwproject-9e131","storageBucket":"bwproject-9e131.appspot.com"}
[debug] [2021-12-20T05:20:54.361Z] Ignoring unsupported arg: auto_download {"metadata":{"emulator":{"name":"ui"},"message":"Ignoring unsupported arg: auto_download"}}
[debug] [2021-12-20T05:20:54.362Z] Ignoring unsupported arg: port {"metadata":{"emulator":{"name":"ui"},"message":"Ignoring unsupported arg: port"}}
[debug] [2021-12-20T05:20:54.362Z] Starting Emulator UI with command {"binary":"node","args":["C:\\Users\\16513\\.cache\\firebase\\emulators\\ui-v1.6.4\\server.bundle.js"],"optionalArgs":[],"joinArgs":false} {"metadata":{"emulator":{"name":"ui"},"message":"Starting Emulator UI with command {\"binary\":\"node\",\"args\":[\"C:\\\\Users\\\\16513\\\\.cache\\\\firebase\\\\emulators\\\\ui-v1.6.4\\\\server.bundle.js\"],\"optionalArgs\":[],\"joinArgs\":false}"}}
[info] i  ui: Emulator UI logging to ui-debug.log {"metadata":{"emulator":{"name":"ui"},"message":"Emulator UI logging to \u001b[1mui-debug.log\u001b[22m"}}
[debug] [2021-12-20T05:20:54.473Z] Web / API server started at localhost:4000
 {"metadata":{"emulator":{"name":"ui"},"message":"Web / API server started at localhost:4000\n"}}
[info] i  functions: Watching "C:\Users\16513\Desktop\EVANGADI\Final_Project\fakestore\functions" for Cloud Functions... {"metadata":{"emulator":{"name":"functions"},"message":"Watching \"C:\\Users\\16513\\Desktop\\EVANGADI\\Final_Project\\fakestore\\functions\" for Cloud Functions..."}}
[debug] [2021-12-20T05:20:54.650Z] [worker-pool] addWorker(~diagnostic~) {"metadata":{"emulator":{"name":"functions"},"message":"[worker-pool] addWorker(~diagnostic~)"}}
[debug] [2021-12-20T05:20:54.650Z] [worker-pool] Adding worker with key ~diagnostic~, total=1 {"metadata":{"emulator":{"name":"functions"},"message":"[worker-pool] Adding worker with key ~diagnostic~, total=1"}}
[debug] [2021-12-20T05:20:54.651Z] [worker-pool] submitWork(triggerId=) {"metadata":{"emulator":{"name":"functions"},"message":"[worker-pool] submitWork(triggerId=)"}}
[debug] [2021-12-20T05:20:54.651Z] [worker-~diagnostic~-f454255a-89f4-40db-9954-8a44e3757aac]: Assigning socketPath: \\?\pipe\C:\Users\16513\Desktop\EVANGADI\Final_Project\fakestore\functions\16500 {"metadata":{"emulator":{"name":"functions"},"message":"[worker-~diagnostic~-f454255a-89f4-40db-9954-8a44e3757aac]: Assigning socketPath: \\\\?\\pipe\\C:\\Users\\16513\\Desktop\\EVANGADI\\Final_Project\\fakestore\\functions\\16500"}}
[debug] [2021-12-20T05:20:54.651Z] [worker-~diagnostic~-f454255a-89f4-40db-9954-8a44e3757aac]: BUSY {"metadata":{"emulator":{"name":"functions"},"message":"[worker-~diagnostic~-f454255a-89f4-40db-9954-8a44e3757aac]: BUSY"}}
[debug] [2021-12-20T05:20:54.833Z] [runtime-status] [16500] Functions runtime initialized. {"cwd":"C:\\Users\\16513\\Desktop\\EVANGADI\\Final_Project\\fakestore\\functions","node_version":"14.17.0"} {"metadata":{"emulator":{"name":"functions"},"message":"[runtime-status] [16500] Functions runtime initialized. {\"cwd\":\"C:\\\\Users\\\\16513\\\\Desktop\\\\EVANGADI\\\\Final_Project\\\\fakestore\\\\functions\",\"node_version\":\"14.17.0\"}"}}
[debug] [2021-12-20T05:20:54.834Z] [runtime-status] [16500] Disabled runtime features: undefined {"metadata":{"emulator":{"name":"functions"},"message":"[runtime-status] [16500] Disabled runtime features: undefined"}}
[debug] [2021-12-20T05:20:54.837Z] [runtime-status] [16500] Resolved module firebase-admin {"declared":true,"installed":true,"version":"9.12.0","resolution":"C:\\Users\\16513\\Desktop\\EVANGADI\\Final_Project\\fakestore\\functions\\node_modules\\firebase-admin\\lib\\index.js"} {"metadata":{"emulator":{"name":"functions"},"message":"[runtime-status] [16500] Resolved module firebase-admin {\"declared\":true,\"installed\":true,\"version\":\"9.12.0\",\"resolution\":\"C:\\\\Users\\\\16513\\\\Desktop\\\\EVANGADI\\\\Final_Project\\\\fakestore\\\\functions\\\\node_modules\\\\firebase-admin\\\\lib\\\\index.js\"}"}}
[debug] [2021-12-20T05:20:54.840Z] [runtime-status] [16500] Resolved module firebase-functions {"declared":true,"installed":true,"version":"3.16.0","resolution":"C:\\Users\\16513\\Desktop\\EVANGADI\\Final_Project\\fakestore\\functions\\node_modules\\firebase-functions\\lib\\index.js"} {"metadata":{"emulator":{"name":"functions"},"message":"[runtime-status] [16500] Resolved module firebase-functions {\"declared\":true,\"installed\":true,\"version\":\"3.16.0\",\"resolution\":\"C:\\\\Users\\\\16513\\\\Desktop\\\\EVANGADI\\\\Final_Project\\\\fakestore\\\\functions\\\\node_modules\\\\firebase-functions\\\\lib\\\\index.js\"}"}}
[debug] [2021-12-20T05:20:54.841Z] [runtime-status] [16500] Outgoing network have been stubbed. [{"name":"http","status":"mocked"},{"name":"http","status":"mocked"},{"name":"https","status":"mocked"},{"name":"https","status":"mocked"},{"name":"net","status":"mocked"}] {"metadata":{"emulator":{"name":"functions"},"message":"[runtime-status] [16500] Outgoing network have been stubbed. [{\"name\":\"http\",\"status\":\"mocked\"},{\"name\":\"http\",\"status\":\"mocked\"},{\"name\":\"https\",\"status\":\"mocked\"},{\"name\":\"https\",\"status\":\"mocked\"},{\"name\":\"net\",\"status\":\"mocked\"}]"}}
[debug] [2021-12-20T05:20:54.842Z] [runtime-status] [16500] Resolved module firebase-functions {"declared":true,"installed":true,"version":"3.16.0","resolution":"C:\\Users\\16513\\Desktop\\EVANGADI\\Final_Project\\fakestore\\functions\\node_modules\\firebase-functions\\lib\\index.js"} {"metadata":{"emulator":{"name":"functions"},"message":"[runtime-status] [16500] Resolved module firebase-functions {\"declared\":true,\"installed\":true,\"version\":\"3.16.0\",\"resolution\":\"C:\\\\Users\\\\16513\\\\Desktop\\\\EVANGADI\\\\Final_Project\\\\fakestore\\\\functions\\\\node_modules\\\\firebase-functions\\\\lib\\\\index.js\"}"}}
[debug] [2021-12-20T05:20:54.886Z] [runtime-status] [16500] Checked functions.config() {"config":{}} {"metadata":{"emulator":{"name":"functions"},"message":"[runtime-status] [16500] Checked functions.config() {\"config\":{}}"}}
[debug] [2021-12-20T05:20:54.886Z] [runtime-status] [16500] firebase-functions has been stubbed. {"functionsResolution":{"declared":true,"installed":true,"version":"3.16.0","resolution":"C:\\Users\\16513\\Desktop\\EVANGADI\\Final_Project\\fakestore\\functions\\node_modules\\firebase-functions\\lib\\index.js"}} {"metadata":{"emulator":{"name":"functions"},"message":"[runtime-status] [16500] firebase-functions has been stubbed. {\"functionsResolution\":{\"declared\":true,\"installed\":true,\"version\":\"3.16.0\",\"resolution\":\"C:\\\\Users\\\\16513\\\\Desktop\\\\EVANGADI\\\\Final_Project\\\\fakestore\\\\functions\\\\node_modules\\\\firebase-functions\\\\lib\\\\index.js\"}}"}}
[debug] [2021-12-20T05:20:54.887Z] [runtime-status] [16500] Resolved module firebase-functions {"declared":true,"installed":true,"version":"3.16.0","resolution":"C:\\Users\\16513\\Desktop\\EVANGADI\\Final_Project\\fakestore\\functions\\node_modules\\firebase-functions\\lib\\index.js"} {"metadata":{"emulator":{"name":"functions"},"message":"[runtime-status] [16500] Resolved module firebase-functions {\"declared\":true,\"installed\":true,\"version\":\"3.16.0\",\"resolution\":\"C:\\\\Users\\\\16513\\\\Desktop\\\\EVANGADI\\\\Final_Project\\\\fakestore\\\\functions\\\\node_modules\\\\firebase-functions\\\\lib\\\\index.js\"}"}}
[debug] [2021-12-20T05:20:54.888Z] [runtime-status] [16500] Resolved module firebase-admin {"declared":true,"installed":true,"version":"9.12.0","resolution":"C:\\Users\\16513\\Desktop\\EVANGADI\\Final_Project\\fakestore\\functions\\node_modules\\firebase-admin\\lib\\index.js"} {"metadata":{"emulator":{"name":"functions"},"message":"[runtime-status] [16500] Resolved module firebase-admin {\"declared\":true,\"installed\":true,\"version\":\"9.12.0\",\"resolution\":\"C:\\\\Users\\\\16513\\\\Desktop\\\\EVANGADI\\\\Final_Project\\\\fakestore\\\\functions\\\\node_modules\\\\firebase-admin\\\\lib\\\\index.js\"}"}}
[debug] [2021-12-20T05:20:54.889Z] [runtime-status] [16500] Resolved module firebase-functions {"declared":true,"installed":true,"version":"3.16.0","resolution":"C:\\Users\\16513\\Desktop\\EVANGADI\\Final_Project\\fakestore\\functions\\node_modules\\firebase-functions\\lib\\index.js"} {"metadata":{"emulator":{"name":"functions"},"message":"[runtime-status] [16500] Resolved module firebase-functions {\"declared\":true,\"installed\":true,\"version\":\"3.16.0\",\"resolution\":\"C:\\\\Users\\\\16513\\\\Desktop\\\\EVANGADI\\\\Final_Project\\\\fakestore\\\\functions\\\\node_modules\\\\firebase-functions\\\\lib\\\\index.js\"}"}}
[debug] [2021-12-20T05:20:54.889Z] [runtime-status] [16500] firebase-admin has been stubbed. {"adminResolution":{"declared":true,"installed":true,"version":"9.12.0","resolution":"C:\\Users\\16513\\Desktop\\EVANGADI\\Final_Project\\fakestore\\functions\\node_modules\\firebase-admin\\lib\\index.js"}} {"metadata":{"emulator":{"name":"functions"},"message":"[runtime-status] [16500] firebase-admin has been stubbed. {\"adminResolution\":{\"declared\":true,\"installed\":true,\"version\":\"9.12.0\",\"resolution\":\"C:\\\\Users\\\\16513\\\\Desktop\\\\EVANGADI\\\\Final_Project\\\\fakestore\\\\functions\\\\node_modules\\\\firebase-admin\\\\lib\\\\index.js\"}}"}}
[info] +  functions[us-central1-api]: http function initialized (http://localhost:5001/bwproject-9e131/us-central1/api). {"metadata":{"emulator":{"name":"functions"},"message":"\u001b[1mhttp\u001b[22m function initialized (http://localhost:5001/bwproject-9e131/us-central1/api)."}}
[info] 
┌─────────────────────────────────────────────────────────────┐
│ ✔  All emulators ready! It is now safe to connect your app. │
│ i  View Emulator UI at http://localhost:4000                │
└─────────────────────────────────────────────────────────────┘

┌───────────┬────────────────┬─────────────────────────────────┐
│ Emulator  │ Host:Port      │ View in Emulator UI             │
├───────────┼────────────────┼─────────────────────────────────┤
│ Functions │ localhost:5001 │ http://localhost:4000/functions │
└───────────┴────────────────┴─────────────────────────────────┘
  Emulator Hub running at localhost:4400
  Other reserved ports: 4500

Issues? Report them at https://github.com/firebase/firebase-tools/issues and attach the *-debug.log files.
 
[debug] [2021-12-20T05:20:55.062Z] [worker-~diagnostic~-f454255a-89f4-40db-9954-8a44e3757aac]: IDLE {"metadata":{"emulator":{"name":"functions"},"message":"[worker-~diagnostic~-f454255a-89f4-40db-9954-8a44e3757aac]: IDLE"}}
[debug] [2021-12-20T05:27:51.359Z] [work-queue] {"queueLength":1,"workRunningCount":0}
[debug] [2021-12-20T05:27:51.359Z] [work-queue] {"queueLength":0,"workRunningCount":1}
[debug] [2021-12-20T05:27:51.360Z] Accepted request POST /bwproject-9e131/us-central1/api/payments/create?total=2230 --> us-central1-api
[debug] [2021-12-20T05:27:51.370Z] [worker-pool] addWorker(us-central1-api) {"metadata":{"emulator":{"name":"functions"},"message":"[worker-pool] addWorker(us-central1-api)"}}
[debug] [2021-12-20T05:27:51.371Z] [worker-pool] Adding worker with key us-central1-api, total=1 {"metadata":{"emulator":{"name":"functions"},"message":"[worker-pool] Adding worker with key us-central1-api, total=1"}}
[debug] [2021-12-20T05:27:51.371Z] [worker-pool] submitWork(triggerId=us-central1-api) {"metadata":{"emulator":{"name":"functions"},"message":"[worker-pool] submitWork(triggerId=us-central1-api)"}}
[debug] [2021-12-20T05:27:51.371Z] [worker-us-central1-api-12e9edff-c3f9-4503-b712-73dbfbc75c7b]: Assigning socketPath: \\?\pipe\C:\Users\16513\Desktop\EVANGADI\Final_Project\fakestore\functions\5620 {"metadata":{"emulator":{"name":"functions"},"message":"[worker-us-central1-api-12e9edff-c3f9-4503-b712-73dbfbc75c7b]: Assigning socketPath: \\\\?\\pipe\\C:\\Users\\16513\\Desktop\\EVANGADI\\Final_Project\\fakestore\\functions\\5620"}}
[debug] [2021-12-20T05:27:51.371Z] [worker-us-central1-api-12e9edff-c3f9-4503-b712-73dbfbc75c7b]: BUSY {"metadata":{"emulator":{"name":"functions"},"message":"[worker-us-central1-api-12e9edff-c3f9-4503-b712-73dbfbc75c7b]: BUSY"}}
[debug] [2021-12-20T05:27:51.592Z] [runtime-status] [5620] Functions runtime initialized. {"cwd":"C:\\Users\\16513\\Desktop\\EVANGADI\\Final_Project\\fakestore\\functions","node_version":"14.17.0"} {"metadata":{"emulator":{"name":"functions"},"function":{"name":"us-central1-api"},"message":"[runtime-status] [5620] Functions runtime initialized. {\"cwd\":\"C:\\\\Users\\\\16513\\\\Desktop\\\\EVANGADI\\\\Final_Project\\\\fakestore\\\\functions\",\"node_version\":\"14.17.0\"}"}}
[debug] [2021-12-20T05:27:51.594Z] [runtime-status] [5620] Disabled runtime features: undefined {"metadata":{"emulator":{"name":"functions"},"function":{"name":"us-central1-api"},"message":"[runtime-status] [5620] Disabled runtime features: undefined"}}
[debug] [2021-12-20T05:27:51.600Z] [runtime-status] [5620] Resolved module firebase-admin {"declared":true,"installed":true,"version":"9.12.0","resolution":"C:\\Users\\16513\\Desktop\\EVANGADI\\Final_Project\\fakestore\\functions\\node_modules\\firebase-admin\\lib\\index.js"} {"metadata":{"emulator":{"name":"functions"},"function":{"name":"us-central1-api"},"message":"[runtime-status] [5620] Resolved module firebase-admin {\"declared\":true,\"installed\":true,\"version\":\"9.12.0\",\"resolution\":\"C:\\\\Users\\\\16513\\\\Desktop\\\\EVANGADI\\\\Final_Project\\\\fakestore\\\\functions\\\\node_modules\\\\firebase-admin\\\\lib\\\\index.js\"}"}}
[debug] [2021-12-20T05:27:51.603Z] [runtime-status] [5620] Resolved module firebase-functions {"declared":true,"installed":true,"version":"3.16.0","resolution":"C:\\Users\\16513\\Desktop\\EVANGADI\\Final_Project\\fakestore\\functions\\node_modules\\firebase-functions\\lib\\index.js"} {"metadata":{"emulator":{"name":"functions"},"function":{"name":"us-central1-api"},"message":"[runtime-status] [5620] Resolved module firebase-functions {\"declared\":true,\"installed\":true,\"version\":\"3.16.0\",\"resolution\":\"C:\\\\Users\\\\16513\\\\Desktop\\\\EVANGADI\\\\Final_Project\\\\fakestore\\\\functions\\\\node_modules\\\\firebase-functions\\\\lib\\\\index.js\"}"}}
[debug] [2021-12-20T05:27:51.604Z] [runtime-status] [5620] Outgoing network have been stubbed. [{"name":"http","status":"mocked"},{"name":"http","status":"mocked"},{"name":"https","status":"mocked"},{"name":"https","status":"mocked"},{"name":"net","status":"mocked"}] {"metadata":{"emulator":{"name":"functions"},"function":{"name":"us-central1-api"},"message":"[runtime-status] [5620] Outgoing network have been stubbed. [{\"name\":\"http\",\"status\":\"mocked\"},{\"name\":\"http\",\"status\":\"mocked\"},{\"name\":\"https\",\"status\":\"mocked\"},{\"name\":\"https\",\"status\":\"mocked\"},{\"name\":\"net\",\"status\":\"mocked\"}]"}}
[debug] [2021-12-20T05:27:51.605Z] [runtime-status] [5620] Resolved module firebase-functions {"declared":true,"installed":true,"version":"3.16.0","resolution":"C:\\Users\\16513\\Desktop\\EVANGADI\\Final_Project\\fakestore\\functions\\node_modules\\firebase-functions\\lib\\index.js"} {"metadata":{"emulator":{"name":"functions"},"function":{"name":"us-central1-api"},"message":"[runtime-status] [5620] Resolved module firebase-functions {\"declared\":true,\"installed\":true,\"version\":\"3.16.0\",\"resolution\":\"C:\\\\Users\\\\16513\\\\Desktop\\\\EVANGADI\\\\Final_Project\\\\fakestore\\\\functions\\\\node_modules\\\\firebase-functions\\\\lib\\\\index.js\"}"}}
[debug] [2021-12-20T05:27:51.658Z] [runtime-status] [5620] Checked functions.config() {"config":{}} {"metadata":{"emulator":{"name":"functions"},"function":{"name":"us-central1-api"},"message":"[runtime-status] [5620] Checked functions.config() {\"config\":{}}"}}
[debug] [2021-12-20T05:27:51.659Z] [runtime-status] [5620] firebase-functions has been stubbed. {"functionsResolution":{"declared":true,"installed":true,"version":"3.16.0","resolution":"C:\\Users\\16513\\Desktop\\EVANGADI\\Final_Project\\fakestore\\functions\\node_modules\\firebase-functions\\lib\\index.js"}} {"metadata":{"emulator":{"name":"functions"},"function":{"name":"us-central1-api"},"message":"[runtime-status] [5620] firebase-functions has been stubbed. {\"functionsResolution\":{\"declared\":true,\"installed\":true,\"version\":\"3.16.0\",\"resolution\":\"C:\\\\Users\\\\16513\\\\Desktop\\\\EVANGADI\\\\Final_Project\\\\fakestore\\\\functions\\\\node_modules\\\\firebase-functions\\\\lib\\\\index.js\"}}"}}
[debug] [2021-12-20T05:27:51.659Z] [runtime-status] [5620] Resolved module firebase-functions {"declared":true,"installed":true,"version":"3.16.0","resolution":"C:\\Users\\16513\\Desktop\\EVANGADI\\Final_Project\\fakestore\\functions\\node_modules\\firebase-functions\\lib\\index.js"} {"metadata":{"emulator":{"name":"functions"},"function":{"name":"us-central1-api"},"message":"[runtime-status] [5620] Resolved module firebase-functions {\"declared\":true,\"installed\":true,\"version\":\"3.16.0\",\"resolution\":\"C:\\\\Users\\\\16513\\\\Desktop\\\\EVANGADI\\\\Final_Project\\\\fakestore\\\\functions\\\\node_modules\\\\firebase-functions\\\\lib\\\\index.js\"}"}}
[debug] [2021-12-20T05:27:51.662Z] [runtime-status] [5620] Resolved module firebase-admin {"declared":true,"installed":true,"version":"9.12.0","resolution":"C:\\Users\\16513\\Desktop\\EVANGADI\\Final_Project\\fakestore\\functions\\node_modules\\firebase-admin\\lib\\index.js"} {"metadata":{"emulator":{"name":"functions"},"function":{"name":"us-central1-api"},"message":"[runtime-status] [5620] Resolved module firebase-admin {\"declared\":true,\"installed\":true,\"version\":\"9.12.0\",\"resolution\":\"C:\\\\Users\\\\16513\\\\Desktop\\\\EVANGADI\\\\Final_Project\\\\fakestore\\\\functions\\\\node_modules\\\\firebase-admin\\\\lib\\\\index.js\"}"}}
[debug] [2021-12-20T05:27:51.664Z] [runtime-status] [5620] Resolved module firebase-functions {"declared":true,"installed":true,"version":"3.16.0","resolution":"C:\\Users\\16513\\Desktop\\EVANGADI\\Final_Project\\fakestore\\functions\\node_modules\\firebase-functions\\lib\\index.js"} {"metadata":{"emulator":{"name":"functions"},"function":{"name":"us-central1-api"},"message":"[runtime-status] [5620] Resolved module firebase-functions {\"declared\":true,\"installed\":true,\"version\":\"3.16.0\",\"resolution\":\"C:\\\\Users\\\\16513\\\\Desktop\\\\EVANGADI\\\\Final_Project\\\\fakestore\\\\functions\\\\node_modules\\\\firebase-functions\\\\lib\\\\index.js\"}"}}
[debug] [2021-12-20T05:27:51.665Z] [runtime-status] [5620] firebase-admin has been stubbed. {"adminResolution":{"declared":true,"installed":true,"version":"9.12.0","resolution":"C:\\Users\\16513\\Desktop\\EVANGADI\\Final_Project\\fakestore\\functions\\node_modules\\firebase-admin\\lib\\index.js"}} {"metadata":{"emulator":{"name":"functions"},"function":{"name":"us-central1-api"},"message":"[runtime-status] [5620] firebase-admin has been stubbed. {\"adminResolution\":{\"declared\":true,\"installed\":true,\"version\":\"9.12.0\",\"resolution\":\"C:\\\\Users\\\\16513\\\\Desktop\\\\EVANGADI\\\\Final_Project\\\\fakestore\\\\functions\\\\node_modules\\\\firebase-admin\\\\lib\\\\index.js\"}}"}}
[debug] [2021-12-20T05:27:51.863Z] [runtime-status] [5620] Trigger "us-central1-api" has been found, beginning invocation! {"metadata":{"emulator":{"name":"functions"},"function":{"name":"us-central1-api"},"message":"[runtime-status] [5620] Trigger \"us-central1-api\" has been found, beginning invocation!"}}
[info] i  functions: Beginning execution of "us-central1-api" {"metadata":{"emulator":{"name":"functions"},"function":{"name":"us-central1-api"},"message":"Beginning execution of \"us-central1-api\""}}
[debug] [2021-12-20T05:27:51.865Z] [runtime-status] [5620] triggerDefinition {"httpsTrigger":{},"name":"api","entryPoint":"api","regions":["us-central1"],"region":"us-central1","id":"us-central1-api"} {"metadata":{"emulator":{"name":"functions"},"function":{"name":"us-central1-api"},"message":"[runtime-status] [5620] triggerDefinition {\"httpsTrigger\":{},\"name\":\"api\",\"entryPoint\":\"api\",\"regions\":[\"us-central1\"],\"region\":\"us-central1\",\"id\":\"us-central1-api\"}"}}
[debug] [2021-12-20T05:27:51.865Z] [runtime-status] [5620] Running us-central1-api in signature http {"metadata":{"emulator":{"name":"functions"},"function":{"name":"us-central1-api"},"message":"[runtime-status] [5620] Running us-central1-api in signature http"}}
[debug] [2021-12-20T05:27:51.887Z] [runtime-status] [5620] Attempting to listen to socketPath: \\?\pipe\C:\Users\16513\Desktop\EVANGADI\Final_Project\fakestore\functions\5620 {"metadata":{"emulator":{"name":"functions"},"function":{"name":"us-central1-api"},"message":"[runtime-status] [5620] Attempting to listen to socketPath: \\\\?\\pipe\\C:\\Users\\16513\\Desktop\\EVANGADI\\Final_Project\\fakestore\\functions\\5620"}}
[debug] [2021-12-20T05:27:51.890Z] [functions] Runtime ready! Sending request! {"metadata":{"emulator":{"name":"functions"},"message":"[functions] Runtime ready! Sending request!"}}
[debug] [2021-12-20T05:27:51.891Z] [functions] Got req.url=/bwproject-9e131/us-central1/api/payments/create?total=2230, mapping to path=/payments/create?total=2230 {"metadata":{"emulator":{"name":"functions"},"message":"[functions] Got req.url=/bwproject-9e131/us-central1/api/payments/create?total=2230, mapping to path=/payments/create?total=2230"}}
[debug] [2021-12-20T05:27:51.902Z] [runtime-status] [5620] Ephemeral server handling POST request {"metadata":{"emulator":{"name":"functions"},"function":{"name":"us-central1-api"},"message":"[runtime-status] [5620] Ephemeral server handling POST request"}}
[info] >  Payment Request Recieved for this amount >>>  2230 {"user":"Payment Request Recieved for this amount >>>  2230","metadata":{"emulator":{"name":"functions"},"function":{"name":"us-central1-api"},"message":"\u001b[90m> \u001b[39m Payment Request Recieved for this amount >>>  2230"}}
[debug] [2021-12-20T05:27:51.914Z] [runtime-status] [5620] Ephemeral server survived. {"metadata":{"emulator":{"name":"functions"},"function":{"name":"us-central1-api"},"message":"[runtime-status] [5620] Ephemeral server survived."}}
[info] i  functions: Finished "us-central1-api" in ~1s {"metadata":{"emulator":{"name":"functions"},"function":{"name":"us-central1-api"},"message":"Finished \"us-central1-api\" in ~1s"}}
[debug] [2021-12-20T05:27:52.547Z] [worker-us-central1-api-12e9edff-c3f9-4503-b712-73dbfbc75c7b]: IDLE {"metadata":{"emulator":{"name":"functions"},"message":"[worker-us-central1-api-12e9edff-c3f9-4503-b712-73dbfbc75c7b]: IDLE"}}
[debug] [2021-12-20T05:27:52.548Z] [work-queue] {"queueLength":0,"workRunningCount":0}
